2020-11-27T02:39:31+00:00 CRITICAL Uncaught Error: Class 'EM_Admin_Notice' not found in /home/lanub3/public_html/ln/wp-content/plugins/events-manager-wpml/em-wpml-admin.php:403
Stack trace:
#0 /home/lanub3/public_html/ln/wp-content/plugins/events-manager-wpml/events-manager-wpml.php(478): EM_WPML_Admin::update()
#1 /home/lanub3/public_html/ln/wp-includes/class-wp-hook.php(287): em_wpml_activate(false)
#2 /home/lanub3/public_html/ln/wp-includes/class-wp-hook.php(311): WP_Hook->apply_filters('', Array)
#3 /home/lanub3/public_html/ln/wp-includes/plugin.php(478): WP_Hook->do_action(Array)
#4 /home/lanub3/public_html/ln/wp-admin/includes/plugin.php(699): do_action('activate_events...', false)
#5 /home/lanub3/public_html/ln/wp-admin/plugins.php(58): activate_plugin('events-manager-...', 'https://lanub3....', false)
#6 {main}
  thrown en /home/lanub3/public_html/ln/wp-content/plugins/events-manager-wpml/em-wpml-admin.php en la línea 403

2020-11-27T02:39:35+00:00 CRITICAL Uncaught Error: Class 'EM_Admin_Notice' not found in /home/lanub3/public_html/ln/wp-content/plugins/events-manager-wpml/em-wpml-admin.php:403
Stack trace:
#0 /home/lanub3/public_html/ln/wp-content/plugins/events-manager-wpml/events-manager-wpml.php(478): EM_WPML_Admin::update()
#1 /home/lanub3/public_html/ln/wp-includes/class-wp-hook.php(287): em_wpml_activate('')
#2 /home/lanub3/public_html/ln/wp-includes/class-wp-hook.php(311): WP_Hook->apply_filters('', Array)
#3 /home/lanub3/public_html/ln/wp-includes/plugin.php(478): WP_Hook->do_action(Array)
#4 /home/lanub3/public_html/ln/wp-admin/plugins.php(193): do_action('activate_events...')
#5 {main}
  thrown en /home/lanub3/public_html/ln/wp-content/plugins/events-manager-wpml/em-wpml-admin.php en la línea 403

2020-11-27T02:39:35+00:00 CRITICAL Uncaught Error: Class 'EM_Admin_Notice' not found in /home/lanub3/public_html/ln/wp-content/plugins/events-manager-wpml/em-wpml-admin.php:403
Stack trace:
#0 /home/lanub3/public_html/ln/wp-content/plugins/events-manager-wpml/events-manager-wpml.php(478): EM_WPML_Admin::update()
#1 /home/lanub3/public_html/ln/wp-includes/class-wp-hook.php(287): em_wpml_activate('')
#2 /home/lanub3/public_html/ln/wp-includes/class-wp-hook.php(311): WP_Hook->apply_filters('', Array)
#3 /home/lanub3/public_html/ln/wp-includes/plugin.php(478): WP_Hook->do_action(Array)
#4 /home/lanub3/public_html/ln/wp-admin/plugins.php(193): do_action('activate_events...')
#5 {main}
  thrown en /home/lanub3/public_html/ln/wp-content/plugins/events-manager-wpml/em-wpml-admin.php en la línea 403

2020-11-27T02:39:50+00:00 CRITICAL Uncaught Error: Class 'EM_Admin_Notice' not found in /home/lanub3/public_html/ln/wp-content/plugins/events-manager-wpml/em-wpml-admin.php:403
Stack trace:
#0 /home/lanub3/public_html/ln/wp-content/plugins/events-manager-wpml/events-manager-wpml.php(478): EM_WPML_Admin::update()
#1 /home/lanub3/public_html/ln/wp-includes/class-wp-hook.php(287): em_wpml_activate(false)
#2 /home/lanub3/public_html/ln/wp-includes/class-wp-hook.php(311): WP_Hook->apply_filters('', Array)
#3 /home/lanub3/public_html/ln/wp-includes/plugin.php(478): WP_Hook->do_action(Array)
#4 /home/lanub3/public_html/ln/wp-admin/includes/plugin.php(699): do_action('activate_events...', false)
#5 /home/lanub3/public_html/ln/wp-admin/plugins.php(58): activate_plugin('events-manager-...', 'https://lanub3....', false)
#6 {main}
  thrown en /home/lanub3/public_html/ln/wp-content/plugins/events-manager-wpml/em-wpml-admin.php en la línea 403

2020-11-27T02:39:52+00:00 CRITICAL Uncaught Error: Class 'EM_Admin_Notice' not found in /home/lanub3/public_html/ln/wp-content/plugins/events-manager-wpml/em-wpml-admin.php:403
Stack trace:
#0 /home/lanub3/public_html/ln/wp-content/plugins/events-manager-wpml/events-manager-wpml.php(478): EM_WPML_Admin::update()
#1 /home/lanub3/public_html/ln/wp-includes/class-wp-hook.php(287): em_wpml_activate('')
#2 /home/lanub3/public_html/ln/wp-includes/class-wp-hook.php(311): WP_Hook->apply_filters('', Array)
#3 /home/lanub3/public_html/ln/wp-includes/plugin.php(478): WP_Hook->do_action(Array)
#4 /home/lanub3/public_html/ln/wp-admin/plugins.php(193): do_action('activate_events...')
#5 {main}
  thrown en /home/lanub3/public_html/ln/wp-content/plugins/events-manager-wpml/em-wpml-admin.php en la línea 403

2020-11-27T02:39:53+00:00 CRITICAL Uncaught Error: Class 'EM_Admin_Notice' not found in /home/lanub3/public_html/ln/wp-content/plugins/events-manager-wpml/em-wpml-admin.php:403
Stack trace:
#0 /home/lanub3/public_html/ln/wp-content/plugins/events-manager-wpml/events-manager-wpml.php(478): EM_WPML_Admin::update()
#1 /home/lanub3/public_html/ln/wp-includes/class-wp-hook.php(287): em_wpml_activate('')
#2 /home/lanub3/public_html/ln/wp-includes/class-wp-hook.php(311): WP_Hook->apply_filters('', Array)
#3 /home/lanub3/public_html/ln/wp-includes/plugin.php(478): WP_Hook->do_action(Array)
#4 /home/lanub3/public_html/ln/wp-admin/plugins.php(193): do_action('activate_events...')
#5 {main}
  thrown en /home/lanub3/public_html/ln/wp-content/plugins/events-manager-wpml/em-wpml-admin.php en la línea 403

